Z:\3P98\A1\WINDOWS\GAMEOFLIFE\GAMEOFLIFE\RELEASE\STDAFX.OBJ
Z:\3P98\A1\WINDOWS\GAMEOFLIFE\GAMEOFLIFE\RELEASE\GAMEOFLIFE.OBJ
Z:\3P98\A1\WINDOWS\GAMEOFLIFE\GAMEOFLIFE\RELEASE\VC110.PDB
Z:\3P98\A1\WINDOWS\GAMEOFLIFE\RELEASE\GAMEOFLIFE.EXE
Z:\3P98\A1\WINDOWS\GAMEOFLIFE\RELEASE\GAMEOFLIFE.PDB
Z:\3P98\A1\windows\GameOfLife\GameOfLife\Release\stdafx.obj
Z:\3P98\A1\windows\GameOfLife\GameOfLife\Release\GameOfLife.obj
Z:\3P98\A1\windows\GameOfLife\GameOfLife\Release\link-cvtres.read.1.tlog
Z:\3P98\A1\windows\GameOfLife\GameOfLife\Release\link.command.1.tlog
Z:\3P98\A1\windows\GameOfLife\GameOfLife\Release\CL.write.1.tlog
Z:\3P98\A1\windows\GameOfLife\GameOfLife\Release\link.read.1.tlog
Z:\3P98\A1\windows\GameOfLife\GameOfLife\Release\link-rc.write.1.tlog
Z:\3P98\A1\windows\GameOfLife\GameOfLife\Release\link.write.1.tlog
Z:\3P98\A1\windows\GameOfLife\GameOfLife\Release\link-rc.read.1.tlog
Z:\3P98\A1\windows\GameOfLife\GameOfLife\Release\link-cvtres.write.1.tlog
Z:\3P98\A1\windows\GameOfLife\GameOfLife\Release\cl.command.1.tlog
Z:\3P98\A1\windows\GameOfLife\GameOfLife\Release\CL.read.1.tlog
Z:\3P98\A1\windows\GameOfLife\GameOfLife\Release\vc110.pdb
Z:\3P98\A1\windows\GameOfLife\Release\GameOfLife.pdb
Z:\3P98\A1\windows\GameOfLife\Release\GameOfLife.exe
